<?xml version="1.0" encoding="UTF-8"?>
<testng-results skipped="0" failed="0" ignored="0" total="2" passed="2">
  <reporter-output>
  </reporter-output>
  <suite name="Default suite" duration-ms="54419" started-at="2019-08-23T01:30:43Z" finished-at="2019-08-23T01:31:38Z">
    <groups>
    </groups>
    <test name="Default test" duration-ms="54419" started-at="2019-08-23T01:30:43Z" finished-at="2019-08-23T01:31:38Z">
      <class name="com.ebay.qa.testCases.GiftCardsPageTest">
        <test-method status="PASS" signature="setUp()[pri:0, instance:com.ebay.qa.testCases.GiftCardsPageTest@204f30ec]" name="setUp" is-config="true" duration-ms="26047" started-at="2019-08-23T01:30:43Z" finished-at="2019-08-23T01:31:09Z">
          <reporter-output>
          </reporter-output>
        </test-method> <!-- setUp -->
        <test-method status="PASS" signature="clickOnCouponsLinkTextTest()[pri:0, instance:com.ebay.qa.testCases.GiftCardsPageTest@204f30ec]" name="clickOnCouponsLinkTextTest" duration-ms="2332" started-at="2019-08-23T01:31:09Z" finished-at="2019-08-23T01:31:12Z">
          <reporter-output>
          </reporter-output>
        </test-method> <!-- clickOnCouponsLinkTextTest -->
        <test-method status="PASS" signature="tearDown()[pri:0, instance:com.ebay.qa.testCases.GiftCardsPageTest@204f30ec]" name="tearDown" is-config="true" duration-ms="860" started-at="2019-08-23T01:31:12Z" finished-at="2019-08-23T01:31:13Z">
          <reporter-output>
          </reporter-output>
        </test-method> <!-- tearDown -->
        <test-method status="PASS" signature="setUp()[pri:0, instance:com.ebay.qa.testCases.GiftCardsPageTest@204f30ec]" name="setUp" is-config="true" duration-ms="24312" started-at="2019-08-23T01:31:13Z" finished-at="2019-08-23T01:31:37Z">
          <reporter-output>
          </reporter-output>
        </test-method> <!-- setUp -->
        <test-method status="PASS" signature="giftCardsPageTitleTest()[pri:0, instance:com.ebay.qa.testCases.GiftCardsPageTest@204f30ec]" name="giftCardsPageTitleTest" duration-ms="20" started-at="2019-08-23T01:31:37Z" finished-at="2019-08-23T01:31:37Z">
          <reporter-output>
          </reporter-output>
        </test-method> <!-- giftCardsPageTitleTest -->
        <test-method status="PASS" signature="tearDown()[pri:0, instance:com.ebay.qa.testCases.GiftCardsPageTest@204f30ec]" name="tearDown" is-config="true" duration-ms="793" started-at="2019-08-23T01:31:37Z" finished-at="2019-08-23T01:31:38Z">
          <reporter-output>
          </reporter-output>
        </test-method> <!-- tearDown -->
      </class> <!-- com.ebay.qa.testCases.GiftCardsPageTest -->
    </test> <!-- Default test -->
  </suite> <!-- Default suite -->
</testng-results>
