<?xml version="1.0" encoding="UTF-8"?>
<!-- Generated by org.testng.reporters.JUnitXMLReporter -->
<testsuite hostname="lslcwksg6161309" ignored="5" name="Command line test" tests="1" failures="0" timestamp="05 Sep 2019 02:22:46 GMT" time="31.304" errors="0">
  <testcase name="getDropDownListTest" time="12.927" classname="com.ebay.qa.testCases.HomePageTest"/>
  <testcase name="varifyHomePageTitleTest" time="0.0" classname="com.ebay.qa.testCases.HomePageTest">
    <ignored/>
  </testcase> <!-- varifyHomePageTitleTest -->
  <testcase name="clickOnGiftCardsLinkTest" time="0.0" classname="com.ebay.qa.testCases.HomePageTest">
    <ignored/>
  </testcase> <!-- clickOnGiftCardsLinkTest -->
  <testcase name="clickOnHelpContactsLinkTest" time="0.0" classname="com.ebay.qa.testCases.HomePageTest">
    <ignored/>
  </testcase> <!-- clickOnHelpContactsLinkTest -->
  <testcase name="clickOnEbayLinkTest" time="0.0" classname="com.ebay.qa.testCases.HomePageTest">
    <ignored/>
  </testcase> <!-- clickOnEbayLinkTest -->
  <testcase name="clickOnDailyDealsLinkTest" time="0.0" classname="com.ebay.qa.testCases.HomePageTest">
    <ignored/>
  </testcase> <!-- clickOnDailyDealsLinkTest -->
</testsuite> <!-- Command line test -->
