<?xml version="1.0" encoding="UTF-8"?>
<!-- Generated by org.testng.reporters.JUnitXMLReporter -->
<testsuite hostname="lslcwksg6161309" ignored="0" name="Default test" tests="4" failures="0" timestamp="21 Aug 2019 17:48:33 GMT" time="45.28" errors="0">
  <testcase name="logoImageTest" time="0.12" classname="com.ebay.qa.testCases.LoginPageTest"/>
  <testcase name="test" time="1.725" classname="com.ebay.qa.testCases.LoginPageTest"/>
  <testcase name="loginEbayTest" time="9.406" classname="com.ebay.qa.testCases.LoginPageTest"/>
  <testcase name="loginPageTitleTest" time="0.053" classname="com.ebay.qa.testCases.LoginPageTest"/>
</testsuite> <!-- Default test -->
