<?xml version="1.0" encoding="UTF-8"?>
<!-- Generated by org.testng.reporters.JUnitXMLReporter -->
<testsuite hostname="lslcwksg6161309" ignored="0" name="Default test" tests="4" failures="0" timestamp="23 Aug 2019 04:22:39 GMT" time="99.515" errors="0">
  <testcase name="clickOnFeaturedLinkTest" time="1.661" classname="com.ebay.qa.testCases.DailyDealsPageTest"/>
  <testcase name="clickOnTechPageLinkTest" time="1.571" classname="com.ebay.qa.testCases.DailyDealsPageTest"/>
  <testcase name="dailyDealsPageTitleTest" time="0.013" classname="com.ebay.qa.testCases.DailyDealsPageTest"/>
  <testcase name="varifyOtherDealsPresentTest" time="0.069" classname="com.ebay.qa.testCases.DailyDealsPageTest"/>
</testsuite> <!-- Default test -->
